#
# There is insufficient memory for the Java Runtime Environment to continue.
# Native memory allocation (malloc) failed to allocate 1132016 bytes. Error detail: Chunk::new
# Possible reasons:
#   The system is out of physical RAM or swap space
#   This process is running with CompressedOops enabled, and the Java Heap may be blocking the growth of the native heap
# Possible solutions:
#   Reduce memory load on the system
#   Increase physical memory or swap space
#   Check if swap backing store is full
#   Decrease Java heap size (-Xmx/-Xms)
#   Decrease number of Java threads
#   Decrease Java thread stack sizes (-Xss)
#   Set larger code cache with -XX:ReservedCodeCacheSize=
#   JVM is running with Zero Based Compressed Oops mode in which the Java heap is
#     placed in the first 32GB address space. The Java Heap base address is the
#     maximum limit for the native heap growth. Please use -XX:HeapBaseMinAddress
#     to set the Java Heap base and to place the Java Heap above 32GB virtual address.
# This output file may be truncated or incomplete.
#
#  Out of Memory Error (arena.cpp:168), pid=28660, tid=21212
#
# JRE version: OpenJDK Runtime Environment Temurin-21.0.6+7 (21.0.6+7) (build 21.0.6+7-LTS)
# Java VM: OpenJDK 64-Bit Server VM Temurin-21.0.6+7 (21.0.6+7-LTS, mixed mode, sharing, tiered, compressed oops, compressed class ptrs, g1 gc, windows-amd64)
# No core dump will be written. Minidumps are not enabled by default on client versions of Windows
#

---------------  S U M M A R Y ------------

Command Line: -Dcom.sun.management.jmxremote -Dcom.sun.management.jmxremote.port=59852 -Dcom.sun.management.jmxremote.authenticate=false -Dcom.sun.management.jmxremote.ssl=false -Dspring.jmx.enabled=true -Djava.rmi.server.hostname=localhost -Dspring.application.admin.enabled=true -Dspring.boot.project.name=backend-bienes-raices -XX:+ShowCodeDetailsInExceptionMessages com.jcoronel.backend.api.app.backend_bienes_raices.BackendBienesRaicesApplication

Host: Intel(R) Core(TM) i7-10750H CPU @ 2.60GHz, 12 cores, 15G,  Windows 11 , 64 bit Build 26100 (10.0.26100.3775)
Time: Wed Apr 23 12:22:47 2025 Hora est. Pacífico, Sudamérica elapsed time: 5.872229 seconds (0d 0h 0m 5s)

---------------  T H R E A D  ---------------

Current thread (0x00000210d7f4c030):  JavaThread "C2 CompilerThread1" daemon [_thread_in_native, id=21212, stack(0x000000b072400000,0x000000b072500000) (1024K)]


Current CompileTask:
C2:5872 2350       4       java.lang.invoke.MethodType::methodType (69 bytes)

Stack: [0x000000b072400000,0x000000b072500000]
Native frames: (J=compiled Java code, j=interpreted, Vv=VM code, C=native code)
V  [jvm.dll+0x6cdee9]
V  [jvm.dll+0x8a83d1]
V  [jvm.dll+0x8aa8fe]
V  [jvm.dll+0x8aafe3]
V  [jvm.dll+0x27f706]
V  [jvm.dll+0xc500d]
V  [jvm.dll+0xc5543]
V  [jvm.dll+0x2f2acd]
V  [jvm.dll+0x5f6a2a]
V  [jvm.dll+0x250bb2]
V  [jvm.dll+0x250f6f]
V  [jvm.dll+0x249834]
V  [jvm.dll+0x246ec4]
V  [jvm.dll+0x1c75ee]
V  [jvm.dll+0x25685a]
V  [jvm.dll+0x254dfa]
V  [jvm.dll+0x3f0256]
V  [jvm.dll+0x851f8b]
V  [jvm.dll+0x6cc5ed]
C  [ucrtbase.dll+0x37b0]
C  [KERNEL32.DLL+0x2e8d7]
C  [ntdll.dll+0xb14fc]


---------------  P R O C E S S  ---------------

Threads class SMR info:
_java_thread_list=0x00000210d81221d0, length=18, elements={
0x00000210f77b35e0, 0x0000021091b6ea50, 0x0000021091b701c0, 0x0000021091b7ab30,
0x0000021091b7b930, 0x0000021091b73410, 0x0000021091b7ecc0, 0x0000021091b847d0,
0x0000021091b854c0, 0x0000021091c7a5f0, 0x0000021091d3a050, 0x00000210d7702950,
0x00000210d7701d50, 0x00000210d74f7070, 0x00000210d7cc2120, 0x00000210d7e6aa30,
0x00000210d7f4c030, 0x00000210d809ffc0
}

Java Threads: ( => current thread )
  0x00000210f77b35e0 JavaThread "main"                              [_thread_blocked, id=9868, stack(0x000000b071200000,0x000000b071300000) (1024K)]
  0x0000021091b6ea50 JavaThread "Reference Handler"          daemon [_thread_blocked, id=20708, stack(0x000000b071a00000,0x000000b071b00000) (1024K)]
  0x0000021091b701c0 JavaThread "Finalizer"                  daemon [_thread_blocked, id=29972, stack(0x000000b071b00000,0x000000b071c00000) (1024K)]
  0x0000021091b7ab30 JavaThread "Signal Dispatcher"          daemon [_thread_blocked, id=25424, stack(0x000000b071c00000,0x000000b071d00000) (1024K)]
  0x0000021091b7b930 JavaThread "Attach Listener"            daemon [_thread_blocked, id=24664, stack(0x000000b071d00000,0x000000b071e00000) (1024K)]
  0x0000021091b73410 JavaThread "Service Thread"             daemon [_thread_blocked, id=5868, stack(0x000000b071e00000,0x000000b071f00000) (1024K)]
  0x0000021091b7ecc0 JavaThread "Monitor Deflation Thread"   daemon [_thread_blocked, id=32940, stack(0x000000b071f00000,0x000000b072000000) (1024K)]
  0x0000021091b847d0 JavaThread "C2 CompilerThread0"         daemon [_thread_blocked, id=33260, stack(0x000000b072000000,0x000000b072100000) (1024K)]
  0x0000021091b854c0 JavaThread "C1 CompilerThread0"         daemon [_thread_blocked, id=32624, stack(0x000000b072100000,0x000000b072200000) (1024K)]
  0x0000021091c7a5f0 JavaThread "Common-Cleaner"             daemon [_thread_blocked, id=14396, stack(0x000000b072200000,0x000000b072300000) (1024K)]
  0x0000021091d3a050 JavaThread "Notification Thread"        daemon [_thread_blocked, id=10040, stack(0x000000b072300000,0x000000b072400000) (1024K)]
  0x00000210d7702950 JavaThread "RMI TCP Accept-0"           daemon [_thread_in_native, id=30876, stack(0x000000b072600000,0x000000b072700000) (1024K)]
  0x00000210d7701d50 JavaThread "RMI TCP Accept-59852"       daemon [_thread_in_native, id=1724, stack(0x000000b072700000,0x000000b072800000) (1024K)]
  0x00000210d74f7070 JavaThread "RMI TCP Accept-0"           daemon [_thread_in_native, id=21408, stack(0x000000b072800000,0x000000b072900000) (1024K)]
  0x00000210d7cc2120 JavaThread "Thread-0"                          [_thread_blocked, id=31556, stack(0x000000b073100000,0x000000b073200000) (1024K)]
  0x00000210d7e6aa30 JavaThread "restartedMain"                     [_thread_in_vm, id=24828, stack(0x000000b073200000,0x000000b073300000) (1024K)]
=>0x00000210d7f4c030 JavaThread "C2 CompilerThread1"         daemon [_thread_in_native, id=21212, stack(0x000000b072400000,0x000000b072500000) (1024K)]
  0x00000210d809ffc0 JavaThread "background-preinit"                [_thread_in_vm, id=2908, stack(0x000000b072500000,0x000000b072600000) (1024K)]
Total: 18

Other Threads:
  0x0000021091b53480 VMThread "VM Thread"                           [id=21068, stack(0x000000b071900000,0x000000b071a00000) (1024K)]
  0x0000021091b40770 WatcherThread "VM Periodic Task Thread"        [id=20840, stack(0x000000b071800000,0x000000b071900000) (1024K)]
  0x00000210f7824470 WorkerThread "GC Thread#0"                     [id=32340, stack(0x000000b071300000,0x000000b071400000) (1024K)]
  0x00000210d7bf98f0 WorkerThread "GC Thread#1"                     [id=4608, stack(0x000000b072900000,0x000000b072a00000) (1024K)]
  0x00000210d7bdc340 WorkerThread "GC Thread#2"                     [id=31844, stack(0x000000b072a00000,0x000000b072b00000) (1024K)]
  0x00000210d7bdc6e0 WorkerThread "GC Thread#3"                     [id=12780, stack(0x000000b072b00000,0x000000b072c00000) (1024K)]
  0x00000210d7bdca80 WorkerThread "GC Thread#4"                     [id=33516, stack(0x000000b072c00000,0x000000b072d00000) (1024K)]
  0x00000210d7bdce20 WorkerThread "GC Thread#5"                     [id=22352, stack(0x000000b072d00000,0x000000b072e00000) (1024K)]
  0x00000210d7754e40 WorkerThread "GC Thread#6"                     [id=25628, stack(0x000000b072e00000,0x000000b072f00000) (1024K)]
  0x00000210d7689d20 WorkerThread "GC Thread#7"                     [id=29256, stack(0x000000b072f00000,0x000000b073000000) (1024K)]
  0x00000210d768a0c0 WorkerThread "GC Thread#8"                     [id=33056, stack(0x000000b073000000,0x000000b073100000) (1024K)]
  0x00000210d82b02c0 WorkerThread "GC Thread#9"                     [id=29164, stack(0x000000b073300000,0x000000b073400000) (1024K)]
  0x00000210f78350a0 ConcurrentGCThread "G1 Main Marker"            [id=30000, stack(0x000000b071400000,0x000000b071500000) (1024K)]
  0x00000210f7835aa0 WorkerThread "G1 Conc#0"                       [id=26508, stack(0x000000b071500000,0x000000b071600000) (1024K)]
  0x00000210919fa220 ConcurrentGCThread "G1 Refine#0"               [id=13976, stack(0x000000b071600000,0x000000b071700000) (1024K)]
  0x00000210919fea90 ConcurrentGCThread "G1 Service"                [id=22764, stack(0x000000b071700000,0x000000b071800000) (1024K)]
Total: 16

Threads with active compile tasks:
C2 CompilerThread1  6958 2350       4       java.lang.invoke.MethodType::methodType (69 bytes)
Total: 1

VM state: not at safepoint (normal execution)

VM Mutex/Monitor currently owned by a thread: None

Heap address: 0x0000000702a00000, size: 4054 MB, Compressed Oops mode: Zero based, Oop shift amount: 3

CDS archive(s) mapped at: [0x0000021092000000-0x0000021092ba0000-0x0000021092ba0000), size 12189696, SharedBaseAddress: 0x0000021092000000, ArchiveRelocationMode: 1.
Compressed class space mapped at: 0x0000021093000000-0x00000210d3000000, reserved size: 1073741824
Narrow klass base: 0x0000021092000000, Narrow klass shift: 0, Narrow klass range: 0x100000000

GC Precious Log:
 CardTable entry size: 512
 Card Set container configuration: InlinePtr #cards 4 size 8 Array Of Cards #cards 16 size 48 Howl #buckets 8 coarsen threshold 3686 Howl Bitmap #cards 512 size 80 coarsen threshold 460 Card regions per heap region 1 cards per card region 4096
 CPUs: 12 total, 12 available
 Memory: 16215M
 Large Page Support: Disabled
 NUMA Support: Disabled
 Compressed Oops: Enabled (Zero based)
 Heap Region Size: 2M
 Heap Min Capacity: 8M
 Heap Initial Capacity: 254M
 Heap Max Capacity: 4054M
 Pre-touch: Disabled
 Parallel Workers: 10
 Concurrent Workers: 3
 Concurrent Refinement Workers: 10
 Periodic GC: Disabled

Heap:
 garbage-first heap   total 260096K, used 28007K [0x0000000702a00000, 0x0000000800000000)
  region size 2048K, 13 young (26624K), 2 survivors (4096K)
 Metaspace       used 18664K, committed 19008K, reserved 1114112K
  class space    used 2271K, committed 2432K, reserved 1048576K

Heap Regions: E=young(eden), S=young(survivor), O=old, HS=humongous(starts), HC=humongous(continues), CS=collection set, F=free, TAMS=top-at-mark-start, PB=parsable bottom
|   0|0x0000000702a00000, 0x0000000702c00000, 0x0000000702c00000|100%| O|  |TAMS 0x0000000702a00000| PB 0x0000000702a00000| Untracked 
|   1|0x0000000702c00000, 0x0000000702e00000, 0x0000000702e00000|100%| O|  |TAMS 0x0000000702c00000| PB 0x0000000702c00000| Untracked 
|   2|0x0000000702e00000, 0x0000000703000000, 0x0000000703000000|100%| O|  |TAMS 0x0000000702e00000| PB 0x0000000702e00000| Untracked 
|   3|0x0000000703000000, 0x000000070314aee0, 0x0000000703200000| 64%| O|  |TAMS 0x0000000703000000| PB 0x0000000703000000| Untracked 
|   4|0x0000000703200000, 0x0000000703200000, 0x0000000703400000|  0%| F|  |TAMS 0x0000000703200000| PB 0x0000000703200000| Untracked 
|   5|0x0000000703400000, 0x0000000703400000, 0x0000000703600000|  0%| F|  |TAMS 0x0000000703400000| PB 0x0000000703400000| Untracked 
|   6|0x0000000703600000, 0x0000000703600000, 0x0000000703800000|  0%| F|  |TAMS 0x0000000703600000| PB 0x0000000703600000| Untracked 
|   7|0x0000000703800000, 0x0000000703800000, 0x0000000703a00000|  0%| F|  |TAMS 0x0000000703800000| PB 0x0000000703800000| Untracked 
|   8|0x0000000703a00000, 0x0000000703a00000, 0x0000000703c00000|  0%| F|  |TAMS 0x0000000703a00000| PB 0x0000000703a00000| Untracked 
|   9|0x0000000703c00000, 0x0000000703c00000, 0x0000000703e00000|  0%| F|  |TAMS 0x0000000703c00000| PB 0x0000000703c00000| Untracked 
|  10|0x0000000703e00000, 0x0000000703e00000, 0x0000000704000000|  0%| F|  |TAMS 0x0000000703e00000| PB 0x0000000703e00000| Untracked 
|  11|0x0000000704000000, 0x0000000704000000, 0x0000000704200000|  0%| F|  |TAMS 0x0000000704000000| PB 0x0000000704000000| Untracked 
|  12|0x0000000704200000, 0x0000000704200000, 0x0000000704400000|  0%| F|  |TAMS 0x0000000704200000| PB 0x0000000704200000| Untracked 
|  13|0x0000000704400000, 0x0000000704400000, 0x0000000704600000|  0%| F|  |TAMS 0x0000000704400000| PB 0x0000000704400000| Untracked 
|  14|0x0000000704600000, 0x0000000704600000, 0x0000000704800000|  0%| F|  |TAMS 0x0000000704600000| PB 0x0000000704600000| Untracked 
|  15|0x0000000704800000, 0x0000000704800000, 0x0000000704a00000|  0%| F|  |TAMS 0x0000000704800000| PB 0x0000000704800000| Untracked 
|  16|0x0000000704a00000, 0x0000000704a00000, 0x0000000704c00000|  0%| F|  |TAMS 0x0000000704a00000| PB 0x0000000704a00000| Untracked 
|  17|0x0000000704c00000, 0x0000000704c00000, 0x0000000704e00000|  0%| F|  |TAMS 0x0000000704c00000| PB 0x0000000704c00000| Untracked 
|  18|0x0000000704e00000, 0x0000000704e00000, 0x0000000705000000|  0%| F|  |TAMS 0x0000000704e00000| PB 0x0000000704e00000| Untracked 
|  19|0x0000000705000000, 0x0000000705000000, 0x0000000705200000|  0%| F|  |TAMS 0x0000000705000000| PB 0x0000000705000000| Untracked 
|  20|0x0000000705200000, 0x0000000705200000, 0x0000000705400000|  0%| F|  |TAMS 0x0000000705200000| PB 0x0000000705200000| Untracked 
|  21|0x0000000705400000, 0x0000000705400000, 0x0000000705600000|  0%| F|  |TAMS 0x0000000705400000| PB 0x0000000705400000| Untracked 
|  22|0x0000000705600000, 0x0000000705600000, 0x0000000705800000|  0%| F|  |TAMS 0x0000000705600000| PB 0x0000000705600000| Untracked 
|  23|0x0000000705800000, 0x0000000705800000, 0x0000000705a00000|  0%| F|  |TAMS 0x0000000705800000| PB 0x0000000705800000| Untracked 
|  24|0x0000000705a00000, 0x0000000705a00000, 0x0000000705c00000|  0%| F|  |TAMS 0x0000000705a00000| PB 0x0000000705a00000| Untracked 
|  25|0x0000000705c00000, 0x0000000705c00000, 0x0000000705e00000|  0%| F|  |TAMS 0x0000000705c00000| PB 0x0000000705c00000| Untracked 
|  26|0x0000000705e00000, 0x0000000705e00000, 0x0000000706000000|  0%| F|  |TAMS 0x0000000705e00000| PB 0x0000000705e00000| Untracked 
|  27|0x0000000706000000, 0x0000000706000000, 0x0000000706200000|  0%| F|  |TAMS 0x0000000706000000| PB 0x0000000706000000| Untracked 
|  28|0x0000000706200000, 0x0000000706200000, 0x0000000706400000|  0%| F|  |TAMS 0x0000000706200000| PB 0x0000000706200000| Untracked 
|  29|0x0000000706400000, 0x0000000706400000, 0x0000000706600000|  0%| F|  |TAMS 0x0000000706400000| PB 0x0000000706400000| Untracked 
|  30|0x0000000706600000, 0x0000000706600000, 0x0000000706800000|  0%| F|  |TAMS 0x0000000706600000| PB 0x0000000706600000| Untracked 
|  31|0x0000000706800000, 0x0000000706800000, 0x0000000706a00000|  0%| F|  |TAMS 0x0000000706800000| PB 0x0000000706800000| Untracked 
|  32|0x0000000706a00000, 0x0000000706a00000, 0x0000000706c00000|  0%| F|  |TAMS 0x0000000706a00000| PB 0x0000000706a00000| Untracked 
|  33|0x0000000706c00000, 0x0000000706c00000, 0x0000000706e00000|  0%| F|  |TAMS 0x0000000706c00000| PB 0x0000000706c00000| Untracked 
|  34|0x0000000706e00000, 0x0000000706e00000, 0x0000000707000000|  0%| F|  |TAMS 0x0000000706e00000| PB 0x0000000706e00000| Untracked 
|  35|0x0000000707000000, 0x0000000707000000, 0x0000000707200000|  0%| F|  |TAMS 0x0000000707000000| PB 0x0000000707000000| Untracked 
|  36|0x0000000707200000, 0x0000000707200000, 0x0000000707400000|  0%| F|  |TAMS 0x0000000707200000| PB 0x0000000707200000| Untracked 
|  37|0x0000000707400000, 0x0000000707400000, 0x0000000707600000|  0%| F|  |TAMS 0x0000000707400000| PB 0x0000000707400000| Untracked 
|  38|0x0000000707600000, 0x0000000707600000, 0x0000000707800000|  0%| F|  |TAMS 0x0000000707600000| PB 0x0000000707600000| Untracked 
|  39|0x0000000707800000, 0x0000000707800000, 0x0000000707a00000|  0%| F|  |TAMS 0x0000000707800000| PB 0x0000000707800000| Untracked 
|  40|0x0000000707a00000, 0x0000000707a00000, 0x0000000707c00000|  0%| F|  |TAMS 0x0000000707a00000| PB 0x0000000707a00000| Untracked 
|  41|0x0000000707c00000, 0x0000000707c00000, 0x0000000707e00000|  0%| F|  |TAMS 0x0000000707c00000| PB 0x0000000707c00000| Untracked 
|  42|0x0000000707e00000, 0x0000000707e00000, 0x0000000708000000|  0%| F|  |TAMS 0x0000000707e00000| PB 0x0000000707e00000| Untracked 
|  43|0x0000000708000000, 0x0000000708000000, 0x0000000708200000|  0%| F|  |TAMS 0x0000000708000000| PB 0x0000000708000000| Untracked 
|  44|0x0000000708200000, 0x0000000708200000, 0x0000000708400000|  0%| F|  |TAMS 0x0000000708200000| PB 0x0000000708200000| Untracked 
|  45|0x0000000708400000, 0x0000000708400000, 0x0000000708600000|  0%| F|  |TAMS 0x0000000708400000| PB 0x0000000708400000| Untracked 
|  46|0x0000000708600000, 0x0000000708600000, 0x0000000708800000|  0%| F|  |TAMS 0x0000000708600000| PB 0x0000000708600000| Untracked 
|  47|0x0000000708800000, 0x0000000708800000, 0x0000000708a00000|  0%| F|  |TAMS 0x0000000708800000| PB 0x0000000708800000| Untracked 
|  48|0x0000000708a00000, 0x0000000708a00000, 0x0000000708c00000|  0%| F|  |TAMS 0x0000000708a00000| PB 0x0000000708a00000| Untracked 
|  49|0x0000000708c00000, 0x0000000708c00000, 0x0000000708e00000|  0%| F|  |TAMS 0x0000000708c00000| PB 0x0000000708c00000| Untracked 
|  50|0x0000000708e00000, 0x0000000708e00000, 0x0000000709000000|  0%| F|  |TAMS 0x0000000708e00000| PB 0x0000000708e00000| Untracked 
|  51|0x0000000709000000, 0x0000000709000000, 0x0000000709200000|  0%| F|  |TAMS 0x0000000709000000| PB 0x0000000709000000| Untracked 
|  52|0x0000000709200000, 0x0000000709200000, 0x0000000709400000|  0%| F|  |TAMS 0x0000000709200000| PB 0x0000000709200000| Untracked 
|  53|0x0000000709400000, 0x0000000709400000, 0x0000000709600000|  0%| F|  |TAMS 0x0000000709400000| PB 0x0000000709400000| Untracked 
|  54|0x0000000709600000, 0x0000000709600000, 0x0000000709800000|  0%| F|  |TAMS 0x0000000709600000| PB 0x0000000709600000| Untracked 
|  55|0x0000000709800000, 0x0000000709800000, 0x0000000709a00000|  0%| F|  |TAMS 0x0000000709800000| PB 0x0000000709800000| Untracked 
|  56|0x0000000709a00000, 0x0000000709a00000, 0x0000000709c00000|  0%| F|  |TAMS 0x0000000709a00000| PB 0x0000000709a00000| Untracked 
|  57|0x0000000709c00000, 0x0000000709c00000, 0x0000000709e00000|  0%| F|  |TAMS 0x0000000709c00000| PB 0x0000000709c00000| Untracked 
|  58|0x0000000709e00000, 0x0000000709e00000, 0x000000070a000000|  0%| F|  |TAMS 0x0000000709e00000| PB 0x0000000709e00000| Untracked 
|  59|0x000000070a000000, 0x000000070a000000, 0x000000070a200000|  0%| F|  |TAMS 0x000000070a000000| PB 0x000000070a000000| Untracked 
|  60|0x000000070a200000, 0x000000070a200000, 0x000000070a400000|  0%| F|  |TAMS 0x000000070a200000| PB 0x000000070a200000| Untracked 
|  61|0x000000070a400000, 0x000000070a400000, 0x000000070a600000|  0%| F|  |TAMS 0x000000070a400000| PB 0x000000070a400000| Untracked 
|  62|0x000000070a600000, 0x000000070a600000, 0x000000070a800000|  0%| F|  |TAMS 0x000000070a600000| PB 0x000000070a600000| Untracked 
|  63|0x000000070a800000, 0x000000070a800000, 0x000000070aa00000|  0%| F|  |TAMS 0x000000070a800000| PB 0x000000070a800000| Untracked 
|  64|0x000000070aa00000, 0x000000070aa00000, 0x000000070ac00000|  0%| F|  |TAMS 0x000000070aa00000| PB 0x000000070aa00000| Untracked 
|  65|0x000000070ac00000, 0x000000070ac00000, 0x000000070ae00000|  0%| F|  |TAMS 0x000000070ac00000| PB 0x000000070ac00000| Untracked 
|  66|0x000000070ae00000, 0x000000070ae00000, 0x000000070b000000|  0%| F|  |TAMS 0x000000070ae00000| PB 0x000000070ae00000| Untracked 
|  67|0x000000070b000000, 0x000000070b000000, 0x000000070b200000|  0%| F|  |TAMS 0x000000070b000000| PB 0x000000070b000000| Untracked 
|  68|0x000000070b200000, 0x000000070b200000, 0x000000070b400000|  0%| F|  |TAMS 0x000000070b200000| PB 0x000000070b200000| Untracked 
|  69|0x000000070b400000, 0x000000070b400000, 0x000000070b600000|  0%| F|  |TAMS 0x000000070b400000| PB 0x000000070b400000| Untracked 
|  70|0x000000070b600000, 0x000000070b600000, 0x000000070b800000|  0%| F|  |TAMS 0x000000070b600000| PB 0x000000070b600000| Untracked 
|  71|0x000000070b800000, 0x000000070b800000, 0x000000070ba00000|  0%| F|  |TAMS 0x000000070b800000| PB 0x000000070b800000| Untracked 
|  72|0x000000070ba00000, 0x000000070ba00000, 0x000000070bc00000|  0%| F|  |TAMS 0x000000070ba00000| PB 0x000000070ba00000| Untracked 
|  73|0x000000070bc00000, 0x000000070bc00000, 0x000000070be00000|  0%| F|  |TAMS 0x000000070bc00000| PB 0x000000070bc00000| Untracked 
|  74|0x000000070be00000, 0x000000070be00000, 0x000000070c000000|  0%| F|  |TAMS 0x000000070be00000| PB 0x000000070be00000| Untracked 
|  75|0x000000070c000000, 0x000000070c000000, 0x000000070c200000|  0%| F|  |TAMS 0x000000070c000000| PB 0x000000070c000000| Untracked 
|  76|0x000000070c200000, 0x000000070c200000, 0x000000070c400000|  0%| F|  |TAMS 0x000000070c200000| PB 0x000000070c200000| Untracked 
|  77|0x000000070c400000, 0x000000070c400000, 0x000000070c600000|  0%| F|  |TAMS 0x000000070c400000| PB 0x000000070c400000| Untracked 
|  78|0x000000070c600000, 0x000000070c600000, 0x000000070c800000|  0%| F|  |TAMS 0x000000070c600000| PB 0x000000070c600000| Untracked 
|  79|0x000000070c800000, 0x000000070c800000, 0x000000070ca00000|  0%| F|  |TAMS 0x000000070c800000| PB 0x000000070c800000| Untracked 
|  80|0x000000070ca00000, 0x000000070ca00000, 0x000000070cc00000|  0%| F|  |TAMS 0x000000070ca00000| PB 0x000000070ca00000| Untracked 
|  81|0x000000070cc00000, 0x000000070cc00000, 0x000000070ce00000|  0%| F|  |TAMS 0x000000070cc00000| PB 0x000000070cc00000| Untracked 
|  82|0x000000070ce00000, 0x000000070ce00000, 0x000000070d000000|  0%| F|  |TAMS 0x000000070ce00000| PB 0x000000070ce00000| Untracked 
|  83|0x000000070d000000, 0x000000070d000000, 0x000000070d200000|  0%| F|  |TAMS 0x000000070d000000| PB 0x000000070d000000| Untracked 
|  84|0x000000070d200000, 0x000000070d200000, 0x000000070d400000|  0%| F|  |TAMS 0x000000070d200000| PB 0x000000070d200000| Untracked 
|  85|0x000000070d400000, 0x000000070d400000, 0x000000070d600000|  0%| F|  |TAMS 0x000000070d400000| PB 0x000000070d400000| Untracked 
|  86|0x000000070d600000, 0x000000070d600000, 0x000000070d800000|  0%| F|  |TAMS 0x000000070d600000| PB 0x000000070d600000| Untracked 
|  87|0x000000070d800000, 0x000000070d800000, 0x000000070da00000|  0%| F|  |TAMS 0x000000070d800000| PB 0x000000070d800000| Untracked 
|  88|0x000000070da00000, 0x000000070da00000, 0x000000070dc00000|  0%| F|  |TAMS 0x000000070da00000| PB 0x000000070da00000| Untracked 
|  89|0x000000070dc00000, 0x000000070dc00000, 0x000000070de00000|  0%| F|  |TAMS 0x000000070dc00000| PB 0x000000070dc00000| Untracked 
|  90|0x000000070de00000, 0x000000070de00000, 0x000000070e000000|  0%| F|  |TAMS 0x000000070de00000| PB 0x000000070de00000| Untracked 
|  91|0x000000070e000000, 0x000000070e000000, 0x000000070e200000|  0%| F|  |TAMS 0x000000070e000000| PB 0x000000070e000000| Untracked 
|  92|0x000000070e200000, 0x000000070e200000, 0x000000070e400000|  0%| F|  |TAMS 0x000000070e200000| PB 0x000000070e200000| Untracked 
|  93|0x000000070e400000, 0x000000070e400000, 0x000000070e600000|  0%| F|  |TAMS 0x000000070e400000| PB 0x000000070e400000| Untracked 
|  94|0x000000070e600000, 0x000000070e600000, 0x000000070e800000|  0%| F|  |TAMS 0x000000070e600000| PB 0x000000070e600000| Untracked 
|  95|0x000000070e800000, 0x000000070e800000, 0x000000070ea00000|  0%| F|  |TAMS 0x000000070e800000| PB 0x000000070e800000| Untracked 
|  96|0x000000070ea00000, 0x000000070ea00000, 0x000000070ec00000|  0%| F|  |TAMS 0x000000070ea00000| PB 0x000000070ea00000| Untracked 
|  97|0x000000070ec00000, 0x000000070ec00000, 0x000000070ee00000|  0%| F|  |TAMS 0x000000070ec00000| PB 0x000000070ec00000| Untracked 
|  98|0x000000070ee00000, 0x000000070ee00000, 0x000000070f000000|  0%| F|  |TAMS 0x000000070ee00000| PB 0x000000070ee00000| Untracked 
|  99|0x000000070f000000, 0x000000070f000000, 0x000000070f200000|  0%| F|  |TAMS 0x000000070f000000| PB 0x000000070f000000| Untracked 
| 100|0x000000070f200000, 0x000000070f200000, 0x000000070f400000|  0%| F|  |TAMS 0x000000070f200000| PB 0x000000070f200000| Untracked 
| 101|0x000000070f400000, 0x000000070f400000, 0x000000070f600000|  0%| F|  |TAMS 0x000000070f400000| PB 0x000000070f400000| Untracked 
| 102|0x000000070f600000, 0x000000070f600000, 0x000000070f800000|  0%| F|  |TAMS 0x000000070f600000| PB 0x000000070f600000| Untracked 
| 103|0x000000070f800000, 0x000000070f800000, 0x000000070fa00000|  0%| F|  |TAMS 0x000000070f800000| PB 0x000000070f800000| Untracked 
| 104|0x000000070fa00000, 0x000000070fa00000, 0x000000070fc00000|  0%| F|  |TAMS 0x000000070fa00000| PB 0x000000070fa00000| Untracked 
| 105|0x000000070fc00000, 0x000000070fc00000, 0x000000070fe00000|  0%| F|  |TAMS 0x000000070fc00000| PB 0x000000070fc00000| Untracked 
| 106|0x000000070fe00000, 0x000000070fe00000, 0x0000000710000000|  0%| F|  |TAMS 0x000000070fe00000| PB 0x000000070fe00000| Untracked 
| 107|0x0000000710000000, 0x0000000710000000, 0x0000000710200000|  0%| F|  |TAMS 0x0000000710000000| PB 0x0000000710000000| Untracked 
| 108|0x0000000710200000, 0x0000000710200000, 0x0000000710400000|  0%| F|  |TAMS 0x0000000710200000| PB 0x0000000710200000| Untracked 
| 109|0x0000000710400000, 0x0000000710400000, 0x0000000710600000|  0%| F|  |TAMS 0x0000000710400000| PB 0x0000000710400000| Untracked 
| 110|0x0000000710600000, 0x000000071060efa0, 0x0000000710800000|  2%| S|CS|TAMS 0x0000000710600000| PB 0x0000000710600000| Complete 
| 111|0x0000000710800000, 0x0000000710a00000, 0x0000000710a00000|100%| S|CS|TAMS 0x0000000710800000| PB 0x0000000710800000| Complete 
| 112|0x0000000710a00000, 0x0000000710a00000, 0x0000000710c00000|  0%| F|  |TAMS 0x0000000710a00000| PB 0x0000000710a00000| Untracked 
| 113|0x0000000710c00000, 0x0000000710c00000, 0x0000000710e00000|  0%| F|  |TAMS 0x0000000710c00000| PB 0x0000000710c00000| Untracked 
| 114|0x0000000710e00000, 0x0000000710e00000, 0x0000000711000000|  0%| F|  |TAMS 0x0000000710e00000| PB 0x0000000710e00000| Untracked 
| 115|0x0000000711000000, 0x0000000711044370, 0x0000000711200000| 13%| E|  |TAMS 0x0000000711000000| PB 0x0000000711000000| Complete 
| 116|0x0000000711200000, 0x0000000711400000, 0x0000000711400000|100%| E|CS|TAMS 0x0000000711200000| PB 0x0000000711200000| Complete 
| 117|0x0000000711400000, 0x0000000711600000, 0x0000000711600000|100%| E|CS|TAMS 0x0000000711400000| PB 0x0000000711400000| Complete 
| 118|0x0000000711600000, 0x0000000711800000, 0x0000000711800000|100%| E|  |TAMS 0x0000000711600000| PB 0x0000000711600000| Complete 
| 119|0x0000000711800000, 0x0000000711a00000, 0x0000000711a00000|100%| E|CS|TAMS 0x0000000711800000| PB 0x0000000711800000| Complete 
| 120|0x0000000711a00000, 0x0000000711c00000, 0x0000000711c00000|100%| E|CS|TAMS 0x0000000711a00000| PB 0x0000000711a00000| Complete 
| 121|0x0000000711c00000, 0x0000000711e00000, 0x0000000711e00000|100%| E|CS|TAMS 0x0000000711c00000| PB 0x0000000711c00000| Complete 
| 122|0x0000000711e00000, 0x0000000712000000, 0x0000000712000000|100%| E|CS|TAMS 0x0000000711e00000| PB 0x0000000711e00000| Complete 
| 123|0x0000000712000000, 0x0000000712200000, 0x0000000712200000|100%| E|CS|TAMS 0x0000000712000000| PB 0x0000000712000000| Complete 
| 124|0x0000000712200000, 0x0000000712400000, 0x0000000712400000|100%| E|CS|TAMS 0x0000000712200000| PB 0x0000000712200000| Complete 
| 125|0x0000000712400000, 0x0000000712600000, 0x0000000712600000|100%| E|CS|TAMS 0x0000000712400000| PB 0x0000000712400000| Complete 
| 126|0x0000000712600000, 0x0000000712800000, 0x0000000712800000|100%| E|CS|TAMS 0x0000000712600000| PB 0x0000000712600000| Complete 

Card table byte_map: [0x00000210fb700000,0x00000210fbef0000] _byte_map_base: 0x00000210f7eeb000

Marking Bits: (CMBitMap*) 0x00000210f7824a70
 Bits: [0x00000210fbef0000, 0x00000210ffe48000)

Polling page: 0x00000210f5570000

Metaspace:

Usage:
  Non-class:     16.17 MB used.
      Class:      2.26 MB used.
       Both:     18.43 MB used.

Virtual space:
  Non-class space:       64.00 MB reserved,      16.31 MB ( 25%) committed,  1 nodes.
      Class space:        1.00 GB reserved,       2.38 MB ( <1%) committed,  1 nodes.
             Both:        1.06 GB reserved,      18.69 MB (  2%) committed. 

Chunk freelists:
   Non-Class:  15.38 MB
       Class:  13.45 MB
        Both:  28.83 MB

MaxMetaspaceSize: unlimited
CompressedClassSpaceSize: 1.00 GB
Initial GC threshold: 21.00 MB
Current GC threshold: 21.00 MB
CDS: on
 - commit_granule_bytes: 65536.
 - commit_granule_words: 8192.
 - virtual_space_node_default_size: 8388608.
 - enlarge_chunks_in_place: 1.
 - use_allocation_guard: 0.


Internal statistics:

num_allocs_failed_limit: 0.
num_arena_births: 352.
num_arena_deaths: 0.
num_vsnodes_births: 2.
num_vsnodes_deaths: 0.
num_space_committed: 299.
num_space_uncommitted: 0.
num_chunks_returned_to_freelist: 0.
num_chunks_taken_from_freelist: 879.
num_chunk_merges: 0.
num_chunk_splits: 605.
num_chunks_enlarged: 425.
num_inconsistent_stats: 0.

CodeHeap 'non-profiled nmethods': size=120000Kb used=956Kb max_used=956Kb free=119044Kb
 bounds [0x0000021087ad0000, 0x0000021087d40000, 0x000002108f000000]
CodeHeap 'profiled nmethods': size=120000Kb used=4586Kb max_used=4586Kb free=115413Kb
 bounds [0x0000021080000000, 0x0000021080480000, 0x0000021087530000]
CodeHeap 'non-nmethods': size=5760Kb used=1449Kb max_used=1467Kb free=4310Kb
 bounds [0x0000021087530000, 0x00000210877a0000, 0x0000021087ad0000]
 total_blobs=3001 nmethods=2468 adapters=437
 compilation: enabled
              stopped_count=0, restarted_count=0
 full_count=0

Compilation events (20 events):
Event: 4.790 Thread 0x0000021091b854c0 nmethod 2444 0x0000021080470f10 code [0x00000210804710e0, 0x0000021080471490]
Event: 4.791 Thread 0x0000021091b854c0 2445       3       java.util.concurrent.atomic.AtomicInteger::incrementAndGet (14 bytes)
Event: 4.791 Thread 0x0000021091b854c0 nmethod 2445 0x0000021080471610 code [0x00000210804717a0, 0x00000210804718c0]
Event: 4.798 Thread 0x0000021091b854c0 2447       3       java.lang.Short::<init> (10 bytes)
Event: 4.798 Thread 0x0000021091b854c0 nmethod 2447 0x0000021080471990 code [0x0000021080471b40, 0x0000021080471d08]
Event: 4.798 Thread 0x0000021091b854c0 2448       1       java.lang.reflect.Constructor::getRoot (5 bytes)
Event: 4.799 Thread 0x0000021091b854c0 nmethod 2448 0x0000021087bbc310 code [0x0000021087bbc4a0, 0x0000021087bbc570]
Event: 4.802 Thread 0x0000021091b854c0 2450       3       java.lang.Byte::toUnsignedInt (6 bytes)
Event: 4.802 Thread 0x0000021091b854c0 nmethod 2450 0x0000021080471e10 code [0x0000021080471fa0, 0x0000021080472098]
Event: 4.802 Thread 0x0000021091b854c0 2451       3       java.util.zip.ZipUtils::get32S (17 bytes)
Event: 4.803 Thread 0x0000021091b854c0 nmethod 2451 0x0000021080472110 code [0x00000210804722c0, 0x0000021080472520]
Event: 4.803 Thread 0x0000021091b847d0 nmethod 2442 0x0000021087bbc610 code [0x0000021087bbc820, 0x0000021087bbd1d8]
Event: 4.803 Thread 0x0000021091b847d0 2449       4       jdk.internal.misc.Unsafe::allocateUninitializedArray (55 bytes)
Event: 4.804 Thread 0x0000021091b854c0 2452       3       java.util.zip.ZipEntry::setExtra0 (493 bytes)
Event: 4.804 Thread 0x0000021091b847d0 nmethod 2449 0x0000021087bbd790 code [0x0000021087bbd920, 0x0000021087bbdb10]
Event: 4.805 Thread 0x0000021091b847d0 2446       4       org.springframework.util.Assert::notNull (14 bytes)
Event: 4.806 Thread 0x0000021091b847d0 nmethod 2446 0x0000021087bbdc10 code [0x0000021087bbdda0, 0x0000021087bbde30]
Event: 4.806 Thread 0x0000021091b854c0 nmethod 2452 0x0000021080472690 code [0x0000021080472a40, 0x00000210804745d8]
Event: 4.806 Thread 0x0000021091b847d0 2453       4       java.lang.ref.Cleaner$1::apply (9 bytes)
Event: 4.807 Thread 0x0000021091b847d0 nmethod 2453 0x0000021087bbdf10 code [0x0000021087bbe0a0, 0x0000021087bbe178]

GC Heap History (4 events):
Event: 0.975 GC heap before
{Heap before GC invocations=0 (full 0):
 garbage-first heap   total 260096K, used 20480K [0x0000000702a00000, 0x0000000800000000)
  region size 2048K, 11 young (22528K), 0 survivors (0K)
 Metaspace       used 6905K, committed 7168K, reserved 1114112K
  class space    used 764K, committed 896K, reserved 1048576K
}
Event: 0.982 GC heap after
{Heap after GC invocations=1 (full 0):
 garbage-first heap   total 260096K, used 7665K [0x0000000702a00000, 0x0000000800000000)
  region size 2048K, 2 young (4096K), 2 survivors (4096K)
 Metaspace       used 6905K, committed 7168K, reserved 1114112K
  class space    used 764K, committed 896K, reserved 1048576K
}
Event: 4.394 GC heap before
{Heap before GC invocations=1 (full 0):
 garbage-first heap   total 260096K, used 32241K [0x0000000702a00000, 0x0000000800000000)
  region size 2048K, 15 young (30720K), 2 survivors (4096K)
 Metaspace       used 12988K, committed 13376K, reserved 1114112K
  class space    used 1622K, committed 1792K, reserved 1048576K
}
Event: 4.405 GC heap after
{Heap after GC invocations=2 (full 0):
 garbage-first heap   total 260096K, used 9575K [0x0000000702a00000, 0x0000000800000000)
  region size 2048K, 2 young (4096K), 2 survivors (4096K)
 Metaspace       used 12988K, committed 13376K, reserved 1114112K
  class space    used 1622K, committed 1792K, reserved 1048576K
}

Dll operation events (9 events):
Event: 0.010 Loaded shared library C:\Users\coron\.vscode\extensions\redhat.java-1.41.1-win32-x64\jre\21.0.6-win32-x86_64\bin\java.dll
Event: 0.054 Loaded shared library C:\Users\coron\.vscode\extensions\redhat.java-1.41.1-win32-x64\jre\21.0.6-win32-x86_64\bin\zip.dll
Event: 0.186 Loaded shared library C:\Users\coron\.vscode\extensions\redhat.java-1.41.1-win32-x64\jre\21.0.6-win32-x86_64\bin\jimage.dll
Event: 0.195 Loaded shared library C:\Users\coron\.vscode\extensions\redhat.java-1.41.1-win32-x64\jre\21.0.6-win32-x86_64\bin\net.dll
Event: 0.198 Loaded shared library C:\Users\coron\.vscode\extensions\redhat.java-1.41.1-win32-x64\jre\21.0.6-win32-x86_64\bin\nio.dll
Event: 0.202 Loaded shared library C:\Users\coron\.vscode\extensions\redhat.java-1.41.1-win32-x64\jre\21.0.6-win32-x86_64\bin\zip.dll
Event: 0.279 Loaded shared library C:\Users\coron\.vscode\extensions\redhat.java-1.41.1-win32-x64\jre\21.0.6-win32-x86_64\bin\management.dll
Event: 0.292 Loaded shared library C:\Users\coron\.vscode\extensions\redhat.java-1.41.1-win32-x64\jre\21.0.6-win32-x86_64\bin\management_ext.dll
Event: 0.680 Loaded shared library C:\Users\coron\.vscode\extensions\redhat.java-1.41.1-win32-x64\jre\21.0.6-win32-x86_64\bin\extnet.dll

Deoptimization events (20 events):
Event: 4.781 Thread 0x00000210d7e6aa30 Uncommon trap: trap_request=0xffffffde fr.pc=0x0000021087bbbd5c relative=0x000000000000013c
Event: 4.781 Thread 0x00000210d7e6aa30 Uncommon trap: reason=class_check action=maybe_recompile pc=0x0000021087bbbd5c method=jdk.internal.misc.Unsafe.allocateUninitializedArray(Ljava/lang/Class;I)Ljava/lang/Object; @ 51 c2
Event: 4.781 Thread 0x00000210d7e6aa30 DEOPT PACKING pc=0x0000021087bbbd5c sp=0x000000b0732fe070
Event: 4.781 Thread 0x00000210d7e6aa30 DEOPT UNPACKING pc=0x00000210875846a2 sp=0x000000b0732fdfe8 mode 2
Event: 4.781 Thread 0x00000210d7e6aa30 Uncommon trap: trap_request=0xffffffde fr.pc=0x0000021087bbbd5c relative=0x000000000000013c
Event: 4.781 Thread 0x00000210d7e6aa30 Uncommon trap: reason=class_check action=maybe_recompile pc=0x0000021087bbbd5c method=jdk.internal.misc.Unsafe.allocateUninitializedArray(Ljava/lang/Class;I)Ljava/lang/Object; @ 51 c2
Event: 4.781 Thread 0x00000210d7e6aa30 DEOPT PACKING pc=0x0000021087bbbd5c sp=0x000000b0732fda70
Event: 4.781 Thread 0x00000210d7e6aa30 DEOPT UNPACKING pc=0x00000210875846a2 sp=0x000000b0732fd9e8 mode 2
Event: 4.781 Thread 0x00000210d7e6aa30 Uncommon trap: trap_request=0xffffffde fr.pc=0x0000021087bbbd5c relative=0x000000000000013c
Event: 4.781 Thread 0x00000210d7e6aa30 Uncommon trap: reason=class_check action=maybe_recompile pc=0x0000021087bbbd5c method=jdk.internal.misc.Unsafe.allocateUninitializedArray(Ljava/lang/Class;I)Ljava/lang/Object; @ 51 c2
Event: 4.781 Thread 0x00000210d7e6aa30 DEOPT PACKING pc=0x0000021087bbbd5c sp=0x000000b0732fdc30
Event: 4.781 Thread 0x00000210d7e6aa30 DEOPT UNPACKING pc=0x00000210875846a2 sp=0x000000b0732fdba8 mode 2
Event: 4.781 Thread 0x00000210d809ffc0 Uncommon trap: trap_request=0xffffffde fr.pc=0x0000021087bbbd5c relative=0x000000000000013c
Event: 4.781 Thread 0x00000210d809ffc0 Uncommon trap: reason=class_check action=maybe_recompile pc=0x0000021087bbbd5c method=jdk.internal.misc.Unsafe.allocateUninitializedArray(Ljava/lang/Class;I)Ljava/lang/Object; @ 51 c2
Event: 4.781 Thread 0x00000210d809ffc0 DEOPT PACKING pc=0x0000021087bbbd5c sp=0x000000b0725fa830
Event: 4.781 Thread 0x00000210d809ffc0 DEOPT UNPACKING pc=0x00000210875846a2 sp=0x000000b0725fa7a8 mode 2
Event: 4.785 Thread 0x00000210d7e6aa30 Uncommon trap: trap_request=0xffffff45 fr.pc=0x0000021087b2d7f0 relative=0x0000000000000790
Event: 4.785 Thread 0x00000210d7e6aa30 Uncommon trap: reason=unstable_if action=reinterpret pc=0x0000021087b2d7f0 method=java.util.ArrayList.grow(I)[Ljava/lang/Object; @ 17 c2
Event: 4.785 Thread 0x00000210d7e6aa30 DEOPT PACKING pc=0x0000021087b2d7f0 sp=0x000000b0732feae0
Event: 4.785 Thread 0x00000210d7e6aa30 DEOPT UNPACKING pc=0x00000210875846a2 sp=0x000000b0732fe978 mode 2

Classes loaded (20 events):
Event: 4.622 Loading class java/time/ZonedDateTime$1
Event: 4.622 Loading class java/time/ZonedDateTime$1 done
Event: 4.633 Loading class sun/text/resources/cldr/FormatData_en
Event: 4.635 Loading class sun/text/resources/cldr/FormatData_en done
Event: 4.636 Loading class sun/text/resources/cldr/FormatData_en_US
Event: 4.636 Loading class sun/text/resources/cldr/FormatData_en_US done
Event: 4.641 Loading class org/xml/sax/ErrorHandler
Event: 4.641 Loading class org/xml/sax/ErrorHandler done
Event: 4.642 Loading class org/xml/sax/SAXParseException
Event: 4.642 Loading class org/xml/sax/SAXParseException done
Event: 4.652 Loading class java/io/CharConversionException
Event: 4.652 Loading class java/io/CharConversionException done
Event: 4.666 Loading class java/io/CharArrayReader
Event: 4.666 Loading class java/io/CharArrayReader done
Event: 4.686 Loading class java/lang/annotation/Repeatable
Event: 4.686 Loading class java/lang/annotation/Repeatable done
Event: 4.797 Loading class java/lang/Byte$ByteCache
Event: 4.797 Loading class java/lang/Byte$ByteCache done
Event: 4.797 Loading class java/lang/Short$ShortCache
Event: 4.798 Loading class java/lang/Short$ShortCache done

Classes unloaded (0 events):
No events

Classes redefined (0 events):
No events

Internal exceptions (20 events):
Event: 2.708 Thread 0x00000210d7e6aa30 Exception <a 'java/lang/NoSuchMethodError'{0x000000071163c930}: 'java.lang.Object java.lang.invoke.DirectMethodHandle$Holder.newInvokeSpecial(java.lang.Object, java.lang.Object, java.lang.Object, java.lang.Object, java.lang.Object, java.lang.Object, int)'> (0x000000071163c930) 
thrown [s\src\hotspot\share\interpreter\linkResolver.cpp, line 773]
Event: 2.709 Thread 0x00000210d7e6aa30 Exception <a 'java/lang/NoSuchMethodError'{0x0000000711640fd0}: 'java.lang.Object java.lang.invoke.DirectMethodHandle$Holder.invokeSpecial(java.lang.Object, java.lang.Object, java.lang.Object, java.lang.Object, java.lang.Object, java.lang.Object, java.lang.Object, int)'> (0x0000000711640fd0) 
thrown [s\src\hotspot\share\interpreter\linkResolver.cpp, line 773]
Event: 3.785 Thread 0x00000210d7e6aa30 Exception <a 'java/lang/NoSuchMethodError'{0x00000007117924d0}: 'void java.lang.invoke.DirectMethodHandle$Holder.invokeSpecial(java.lang.Object, java.lang.Object, java.lang.Object, java.lang.Object, java.lang.Object)'> (0x00000007117924d0) 
thrown [s\src\hotspot\share\interpreter\linkResolver.cpp, line 773]
Event: 3.849 Thread 0x00000210d7e6aa30 Exception <a 'java/lang/NoSuchMethodError'{0x0000000711468fa0}: 'java.lang.Object java.lang.invoke.DirectMethodHandle$Holder.invokeSpecial(java.lang.Object, java.lang.Object, java.lang.Object, int, java.lang.Object)'> (0x0000000711468fa0) 
thrown [s\src\hotspot\share\interpreter\linkResolver.cpp, line 773]
Event: 3.850 Thread 0x00000210d7e6aa30 Exception <a 'java/lang/NoSuchMethodError'{0x0000000711470cd0}: 'java.lang.Object java.lang.invoke.DirectMethodHandle$Holder.newInvokeSpecial(java.lang.Object, java.lang.Object, java.lang.Object, int, java.lang.Object)'> (0x0000000711470cd0) 
thrown [s\src\hotspot\share\interpreter\linkResolver.cpp, line 773]
Event: 3.852 Thread 0x00000210d7e6aa30 Exception <a 'java/lang/NoSuchMethodError'{0x0000000711478298}: 'java.lang.Object java.lang.invoke.Invokers$Holder.linkToTargetMethod(java.lang.Object, java.lang.Object, int, java.lang.Object, java.lang.Object)'> (0x0000000711478298) 
thrown [s\src\hotspot\share\interpreter\linkResolver.cpp, line 773]
Event: 3.857 Thread 0x00000210d7e6aa30 Exception <a 'java/lang/NoSuchMethodError'{0x00000007114863d8}: 'java.lang.Object java.lang.invoke.DirectMethodHandle$Holder.newInvokeSpecial(java.lang.Object, int, java.lang.Object)'> (0x00000007114863d8) 
thrown [s\src\hotspot\share\interpreter\linkResolver.cpp, line 773]
Event: 3.857 Thread 0x00000210d7e6aa30 Exception <a 'java/lang/NoSuchMethodError'{0x000000071148a158}: 'int java.lang.invoke.DirectMethodHandle$Holder.invokeSpecialIFC(java.lang.Object, java.lang.Object, java.lang.Object, java.lang.Object)'> (0x000000071148a158) 
thrown [s\src\hotspot\share\interpreter\linkResolver.cpp, line 773]
Event: 3.903 Thread 0x00000210d7e6aa30 Exception <a 'java/lang/NoSuchMethodError'{0x00000007115809f8}: 'void java.lang.invoke.DirectMethodHandle$Holder.invokeInterface(java.lang.Object, java.lang.Object, java.lang.Object)'> (0x00000007115809f8) 
thrown [s\src\hotspot\share\interpreter\linkResolver.cpp, line 773]
Event: 3.969 Thread 0x00000210d7e6aa30 Exception <a 'java/lang/NoSuchMethodError'{0x000000071121f508}: 'void java.lang.invoke.DirectMethodHandle$Holder.invokeStaticInit(java.lang.Object, java.lang.Object, java.lang.Object)'> (0x000000071121f508) 
thrown [s\src\hotspot\share\interpreter\linkResolver.cpp, line 773]
Event: 3.998 Thread 0x00000210d7e6aa30 Exception <a 'java/lang/NoSuchMethodError'{0x0000000711266428}: 'java.lang.Object java.lang.invoke.DirectMethodHandle$Holder.invokeVirtual(java.lang.Object, java.lang.Object, java.lang.Object)'> (0x0000000711266428) 
thrown [s\src\hotspot\share\interpreter\linkResolver.cpp, line 773]
Event: 4.030 Thread 0x00000210d7e6aa30 Exception <a 'java/lang/NoSuchMethodError'{0x00000007112f6478}: 'void java.lang.invoke.DirectMethodHandle$Holder.invokeVirtual(java.lang.Object, java.lang.Object, java.lang.Object, java.lang.Object)'> (0x00000007112f6478) 
thrown [s\src\hotspot\share\interpreter\linkResolver.cpp, line 773]
Event: 4.252 Thread 0x00000210d809ffc0 Exception <a 'java/lang/NoClassDefFoundError'{0x0000000710d58918}: jakarta/validation/Validation> (0x0000000710d58918) 
thrown [s\src\hotspot\share\classfile\systemDictionary.cpp, line 301]
Event: 4.253 Thread 0x00000210d7e6aa30 Exception <a 'java/lang/NoSuchMethodError'{0x0000000710d69070}: 'java.lang.reflect.Field[] java.lang.Class.getDeclaredFields(java.lang.Class)'> (0x0000000710d69070) 
thrown [s\src\hotspot\share\interpreter\linkResolver.cpp, line 773]
Event: 4.255 Thread 0x00000210d7e6aa30 Exception <a 'java/lang/NoSuchMethodError'{0x0000000710d6d9f0}: 'java.lang.Object java.lang.invoke.DirectMethodHandle$Holder.invokeStatic(java.lang.Object, java.lang.Object, int)'> (0x0000000710d6d9f0) 
thrown [s\src\hotspot\share\interpreter\linkResolver.cpp, line 773]
Event: 4.258 Thread 0x00000210d7e6aa30 Exception <a 'java/lang/NoSuchMethodError'{0x0000000710d947c0}: 'void java.lang.invoke.DelegatingMethodHandle$Holder.delegate(java.lang.Object, java.lang.Object, int, java.lang.Object)'> (0x0000000710d947c0) 
thrown [s\src\hotspot\share\interpreter\linkResolver.cpp, line 773]
Event: 4.327 Thread 0x00000210d7e6aa30 Exception <a 'java/lang/IncompatibleClassChangeError'{0x0000000710afaaa0}: Found class java.lang.Object, but interface was expected> (0x0000000710afaaa0) 
thrown [s\src\hotspot\share\interpreter\linkResolver.cpp, line 840]
Event: 4.352 Thread 0x00000210d7e6aa30 Exception <a 'java/lang/NoSuchMethodError'{0x0000000710b2ce88}: 'java.lang.Object java.lang.invoke.DirectMethodHandle$Holder.invokeStaticInit(java.lang.Object, int)'> (0x0000000710b2ce88) 
thrown [s\src\hotspot\share\interpreter\linkResolver.cpp, line 773]
Event: 4.358 Thread 0x00000210d7e6aa30 Exception <a 'java/lang/NoSuchMethodError'{0x0000000710b371a8}: 'java.lang.Object java.lang.invoke.DirectMethodHandle$Holder.invokeStatic(java.lang.Object, int, java.lang.Object)'> (0x0000000710b371a8) 
thrown [s\src\hotspot\share\interpreter\linkResolver.cpp, line 773]
Event: 4.359 Thread 0x00000210d7e6aa30 Exception <a 'java/lang/NoSuchMethodError'{0x0000000710b3a838}: 'java.lang.Object java.lang.invoke.DirectMethodHandle$Holder.invokeStaticInit(java.lang.Object, int, java.lang.Object)'> (0x0000000710b3a838) 
thrown [s\src\hotspot\share\interpreter\linkResolver.cpp, line 773]

ZGC Phase Switch (0 events):
No events

VM Operations (20 events):
Event: 0.867 Executing VM operation: ICBufferFull
Event: 0.867 Executing VM operation: ICBufferFull done
Event: 0.974 Executing VM operation: G1CollectForAllocation (G1 Evacuation Pause)
Event: 0.982 Executing VM operation: G1CollectForAllocation (G1 Evacuation Pause) done
Event: 1.318 Executing VM operation: HandshakeAllThreads (Deoptimize)
Event: 1.318 Executing VM operation: HandshakeAllThreads (Deoptimize) done
Event: 2.333 Executing VM operation: Cleanup
Event: 2.395 Executing VM operation: Cleanup done
Event: 3.403 Executing VM operation: Cleanup
Event: 3.403 Executing VM operation: Cleanup done
Event: 4.219 Executing VM operation: HandshakeAllThreads (Deoptimize)
Event: 4.219 Executing VM operation: HandshakeAllThreads (Deoptimize) done
Event: 4.220 Executing VM operation: HandshakeAllThreads (Deoptimize)
Event: 4.220 Executing VM operation: HandshakeAllThreads (Deoptimize) done
Event: 4.394 Executing VM operation: G1CollectForAllocation (G1 Evacuation Pause)
Event: 4.405 Executing VM operation: G1CollectForAllocation (G1 Evacuation Pause) done
Event: 4.788 Executing VM operation: HandshakeAllThreads (Deoptimize)
Event: 4.788 Executing VM operation: HandshakeAllThreads (Deoptimize) done
Event: 5.793 Executing VM operation: Cleanup
Event: 5.793 Executing VM operation: Cleanup done

Memory protections (0 events):
No events

Nmethod flushes (0 events):
No events

Events (20 events):
Event: 0.058 Thread 0x00000210f77b35e0 Thread added: 0x0000021091b7b930
Event: 0.058 Thread 0x00000210f77b35e0 Thread added: 0x0000021091b73410
Event: 0.058 Thread 0x00000210f77b35e0 Thread added: 0x0000021091b7ecc0
Event: 0.058 Thread 0x00000210f77b35e0 Thread added: 0x0000021091b847d0
Event: 0.058 Thread 0x00000210f77b35e0 Thread added: 0x0000021091b854c0
Event: 0.155 Thread 0x00000210f77b35e0 Thread added: 0x0000021091c7a5f0
Event: 0.178 Thread 0x00000210f77b35e0 Thread added: 0x0000021091d3a050
Event: 0.223 Thread 0x0000021091b854c0 Thread added: 0x0000021091e46730
Event: 0.223 Thread 0x0000021091b854c0 Thread added: 0x0000021091e29270
Event: 0.373 Thread 0x0000021091e29270 Thread exited: 0x0000021091e29270
Event: 0.493 Thread 0x0000021091b854c0 Thread added: 0x00000210d73a5a10
Event: 0.685 Thread 0x00000210f77b35e0 Thread added: 0x00000210d7702950
Event: 0.707 Thread 0x00000210f77b35e0 Thread added: 0x00000210d7701d50
Event: 0.749 Thread 0x00000210f77b35e0 Thread added: 0x00000210d74f7070
Event: 1.234 Thread 0x00000210f77b35e0 Thread added: 0x00000210d7cc2120
Event: 1.237 Thread 0x00000210d7cc2120 Thread added: 0x00000210d7e6aa30
Event: 2.584 Thread 0x00000210d73a5a10 Thread exited: 0x00000210d73a5a10
Event: 2.586 Thread 0x0000021091e46730 Thread exited: 0x0000021091e46730
Event: 3.905 Thread 0x0000021091b854c0 Thread added: 0x00000210d7f4c030
Event: 4.240 Thread 0x00000210d7e6aa30 Thread added: 0x00000210d809ffc0


Dynamic libraries:
0x00007ff65cf10000 - 0x00007ff65cf1e000 	C:\Users\coron\.vscode\extensions\redhat.java-1.41.1-win32-x64\jre\21.0.6-win32-x86_64\bin\java.exe
0x00007ffd36fc0000 - 0x00007ffd37220000 	C:\WINDOWS\SYSTEM32\ntdll.dll
0x00007ffd35b40000 - 0x00007ffd35c07000 	C:\WINDOWS\System32\KERNEL32.DLL
0x00007ffd34310000 - 0x00007ffd346da000 	C:\WINDOWS\System32\KERNELBASE.dll
0x00007ffd34860000 - 0x00007ffd349ab000 	C:\WINDOWS\System32\ucrtbase.dll
0x00007ffd2ce30000 - 0x00007ffd2ce48000 	C:\Users\coron\.vscode\extensions\redhat.java-1.41.1-win32-x64\jre\21.0.6-win32-x86_64\bin\jli.dll
0x00007ffd2d010000 - 0x00007ffd2d02e000 	C:\Users\coron\.vscode\extensions\redhat.java-1.41.1-win32-x64\jre\21.0.6-win32-x86_64\bin\VCRUNTIME140.dll
0x00007ffd34dc0000 - 0x00007ffd34f8c000 	C:\WINDOWS\System32\USER32.dll
0x00007ffd1f190000 - 0x00007ffd1f427000 	C:\WINDOWS\WinSxS\amd64_microsoft.windows.common-controls_6595b64144ccf1df_6.0.26100.3624_none_3e086962e3345f24\COMCTL32.dll
0x00007ffd34250000 - 0x00007ffd34277000 	C:\WINDOWS\System32\win32u.dll
0x00007ffd36bf0000 - 0x00007ffd36c99000 	C:\WINDOWS\System32\msvcrt.dll
0x00007ffd358c0000 - 0x00007ffd358ea000 	C:\WINDOWS\System32\GDI32.dll
0x00007ffd349b0000 - 0x00007ffd34ae1000 	C:\WINDOWS\System32\gdi32full.dll
0x00007ffd341a0000 - 0x00007ffd34243000 	C:\WINDOWS\System32\msvcp_win.dll
0x00007ffd35800000 - 0x00007ffd3582f000 	C:\WINDOWS\System32\IMM32.DLL
0x00007ffd31d60000 - 0x00007ffd31d6c000 	C:\Users\coron\.vscode\extensions\redhat.java-1.41.1-win32-x64\jre\21.0.6-win32-x86_64\bin\vcruntime140_1.dll
0x00007ffd23270000 - 0x00007ffd232fd000 	C:\Users\coron\.vscode\extensions\redhat.java-1.41.1-win32-x64\jre\21.0.6-win32-x86_64\bin\msvcp140.dll
0x00007ffcb27f0000 - 0x00007ffcb3580000 	C:\Users\coron\.vscode\extensions\redhat.java-1.41.1-win32-x64\jre\21.0.6-win32-x86_64\bin\server\jvm.dll
0x00007ffd35240000 - 0x00007ffd352f2000 	C:\WINDOWS\System32\ADVAPI32.dll
0x00007ffd34f90000 - 0x00007ffd35036000 	C:\WINDOWS\System32\sechost.dll
0x00007ffd35c10000 - 0x00007ffd35d26000 	C:\WINDOWS\System32\RPCRT4.dll
0x00007ffd35840000 - 0x00007ffd358b4000 	C:\WINDOWS\System32\WS2_32.dll
0x00007ffd339d0000 - 0x00007ffd33a2e000 	C:\WINDOWS\SYSTEM32\POWRPROF.dll
0x00007ffd2aae0000 - 0x00007ffd2aaeb000 	C:\WINDOWS\SYSTEM32\VERSION.dll
0x00007ffd24520000 - 0x00007ffd24556000 	C:\WINDOWS\SYSTEM32\WINMM.dll
0x00007ffd33990000 - 0x00007ffd339a4000 	C:\WINDOWS\SYSTEM32\UMPDC.dll
0x00007ffd32f70000 - 0x00007ffd32f8a000 	C:\WINDOWS\SYSTEM32\kernel.appcore.dll
0x00007ffd30c30000 - 0x00007ffd30c3a000 	C:\Users\coron\.vscode\extensions\redhat.java-1.41.1-win32-x64\jre\21.0.6-win32-x86_64\bin\jimage.dll
0x00007ffd318d0000 - 0x00007ffd31b11000 	C:\WINDOWS\SYSTEM32\DBGHELP.DLL
0x00007ffd353f0000 - 0x00007ffd35772000 	C:\WINDOWS\System32\combase.dll
0x00007ffd35310000 - 0x00007ffd353e6000 	C:\WINDOWS\System32\OLEAUT32.dll
0x00007ffd1d390000 - 0x00007ffd1d3c9000 	C:\WINDOWS\SYSTEM32\dbgcore.DLL
0x00007ffd34d20000 - 0x00007ffd34db9000 	C:\WINDOWS\System32\bcryptPrimitives.dll
0x00007ffd29850000 - 0x00007ffd2986f000 	C:\Users\coron\.vscode\extensions\redhat.java-1.41.1-win32-x64\jre\21.0.6-win32-x86_64\bin\java.dll
0x00007ffd36440000 - 0x00007ffd36b69000 	C:\WINDOWS\System32\SHELL32.dll
0x00007ffd34af0000 - 0x00007ffd34c58000 	C:\WINDOWS\System32\wintypes.dll
0x00007ffd31e20000 - 0x00007ffd32672000 	C:\WINDOWS\SYSTEM32\windows.storage.dll
0x00007ffd36e90000 - 0x00007ffd36f7d000 	C:\WINDOWS\System32\SHCORE.dll
0x00007ffd35d30000 - 0x00007ffd35d94000 	C:\WINDOWS\System32\shlwapi.dll
0x00007ffd340b0000 - 0x00007ffd340df000 	C:\WINDOWS\SYSTEM32\profapi.dll
0x00007ffd296c0000 - 0x00007ffd296d8000 	C:\Users\coron\.vscode\extensions\redhat.java-1.41.1-win32-x64\jre\21.0.6-win32-x86_64\bin\zip.dll
0x00007ffd30480000 - 0x00007ffd30490000 	C:\Users\coron\.vscode\extensions\redhat.java-1.41.1-win32-x64\jre\21.0.6-win32-x86_64\bin\net.dll
0x00007ffd2d270000 - 0x00007ffd2d38d000 	C:\WINDOWS\SYSTEM32\WINHTTP.dll
0x00007ffd33470000 - 0x00007ffd334da000 	C:\WINDOWS\system32\mswsock.dll
0x00007ffd291b0000 - 0x00007ffd291c6000 	C:\Users\coron\.vscode\extensions\redhat.java-1.41.1-win32-x64\jre\21.0.6-win32-x86_64\bin\nio.dll
0x00007ffd31d10000 - 0x00007ffd31d1a000 	C:\Users\coron\.vscode\extensions\redhat.java-1.41.1-win32-x64\jre\21.0.6-win32-x86_64\bin\management.dll
0x00007ffd2c060000 - 0x00007ffd2c06b000 	C:\Users\coron\.vscode\extensions\redhat.java-1.41.1-win32-x64\jre\21.0.6-win32-x86_64\bin\management_ext.dll
0x00007ffd35300000 - 0x00007ffd35308000 	C:\WINDOWS\System32\PSAPI.DLL
0x00007ffd0f170000 - 0x00007ffd0f188000 	C:\WINDOWS\system32\napinsp.dll
0x00007ffd32a70000 - 0x00007ffd32b95000 	C:\WINDOWS\SYSTEM32\DNSAPI.dll
0x00007ffd32980000 - 0x00007ffd329b3000 	C:\WINDOWS\SYSTEM32\IPHLPAPI.DLL
0x00007ffd35040000 - 0x00007ffd3504a000 	C:\WINDOWS\System32\NSI.dll
0x00007ffd0e650000 - 0x00007ffd0e662000 	C:\WINDOWS\System32\winrnr.dll
0x00007ffd0e550000 - 0x00007ffd0e580000 	C:\WINDOWS\system32\nlansp_c.dll
0x00007ffd0e5c0000 - 0x00007ffd0e5d6000 	C:\WINDOWS\system32\wshbth.dll
0x00007ffd243d0000 - 0x00007ffd243db000 	C:\Windows\System32\rasadhlp.dll
0x00007ffd2c210000 - 0x00007ffd2c295000 	C:\WINDOWS\System32\fwpuclnt.dll
0x00007ffd33820000 - 0x00007ffd3383c000 	C:\WINDOWS\SYSTEM32\CRYPTSP.dll
0x00007ffd32ed0000 - 0x00007ffd32f0a000 	C:\WINDOWS\system32\rsaenh.dll
0x00007ffd33510000 - 0x00007ffd3353b000 	C:\WINDOWS\SYSTEM32\USERENV.dll
0x00007ffd34080000 - 0x00007ffd340a6000 	C:\WINDOWS\SYSTEM32\bcrypt.dll
0x00007ffd336a0000 - 0x00007ffd336ac000 	C:\WINDOWS\SYSTEM32\CRYPTBASE.dll
0x00007ffd2d3a0000 - 0x00007ffd2d3a9000 	C:\Users\coron\.vscode\extensions\redhat.java-1.41.1-win32-x64\jre\21.0.6-win32-x86_64\bin\extnet.dll

dbghelp: loaded successfully - version: 4.0.5 - missing functions: none
symbol engine: initialized successfully - sym options: 0x614 - pdb path: .;C:\Users\coron\.vscode\extensions\redhat.java-1.41.1-win32-x64\jre\21.0.6-win32-x86_64\bin;C:\WINDOWS\SYSTEM32;C:\WINDOWS\WinSxS\amd64_microsoft.windows.common-controls_6595b64144ccf1df_6.0.26100.3624_none_3e086962e3345f24;C:\Users\coron\.vscode\extensions\redhat.java-1.41.1-win32-x64\jre\21.0.6-win32-x86_64\bin\server

VM Arguments:
jvm_args: -Dcom.sun.management.jmxremote -Dcom.sun.management.jmxremote.port=59852 -Dcom.sun.management.jmxremote.authenticate=false -Dcom.sun.management.jmxremote.ssl=false -Dspring.jmx.enabled=true -Djava.rmi.server.hostname=localhost -Dspring.application.admin.enabled=true -Dspring.boot.project.name=backend-bienes-raices -XX:+ShowCodeDetailsInExceptionMessages 
java_command: com.jcoronel.backend.api.app.backend_bienes_raices.BackendBienesRaicesApplication
java_class_path (initial): D:\Programacion\JAVA\SpringBoot\Proyectos Personales\backend-bienes-raices\target\classes;C:\Users\coron\.m2\repository\org\springframework\boot\spring-boot-starter-data-jpa\3.4.4\spring-boot-starter-data-jpa-3.4.4.jar;C:\Users\coron\.m2\repository\org\springframework\boot\spring-boot-starter\3.4.4\spring-boot-starter-3.4.4.jar;C:\Users\coron\.m2\repository\org\springframework\boot\spring-boot-starter-logging\3.4.4\spring-boot-starter-logging-3.4.4.jar;C:\Users\coron\.m2\repository\ch\qos\logback\logback-classic\1.5.18\logback-classic-1.5.18.jar;C:\Users\coron\.m2\repository\ch\qos\logback\logback-core\1.5.18\logback-core-1.5.18.jar;C:\Users\coron\.m2\repository\org\apache\logging\log4j\log4j-to-slf4j\2.24.3\log4j-to-slf4j-2.24.3.jar;C:\Users\coron\.m2\repository\org\apache\logging\log4j\log4j-api\2.24.3\log4j-api-2.24.3.jar;C:\Users\coron\.m2\repository\org\slf4j\jul-to-slf4j\2.0.17\jul-to-slf4j-2.0.17.jar;C:\Users\coron\.m2\repository\jakarta\annotation\jakarta.annotation-api\2.1.1\jakarta.annotation-api-2.1.1.jar;C:\Users\coron\.m2\repository\org\yaml\snakeyaml\2.3\snakeyaml-2.3.jar;C:\Users\coron\.m2\repository\org\springframework\boot\spring-boot-starter-jdbc\3.4.4\spring-boot-starter-jdbc-3.4.4.jar;C:\Users\coron\.m2\repository\com\zaxxer\HikariCP\5.1.0\HikariCP-5.1.0.jar;C:\Users\coron\.m2\repository\org\springframework\spring-jdbc\6.2.5\spring-jdbc-6.2.5.jar;C:\Users\coron\.m2\repository\org\hibernate\orm\hibernate-core\6.6.11.Final\hibernate-core-6.6.11.Final.jar;C:\Users\coron\.m2\repository\jakarta\persistence\jakarta.persistence-api\3.1.0\jakarta.persistence-api-3.1.0.jar;C:\Users\coron\.m2\repository\jakarta\transaction\jakarta.transaction-api\2.0.1\jakarta.transaction-api-2.0.1.jar;C:\Users\coron\.m2\repository\org\jboss\logging\jboss-logging\3.6.1.Final\jboss-logging-3.6.1.Final.jar;C:\Users\coron\.m2\repository\org\hibernate\common\hibernate-commons-annotations\7.0.3.Final\hibernate-commons-annotations-7.0.3.Final.jar;C:\Users\coron\.m2\repository\io\smallrye\jandex\3.2.0\jandex-3.2.0.jar;C:\Users\coron\.m2\repository\com\fasterxml\classmate\1.7.0\classmate-1.7.0.jar;C:\Users\coron\.m2\repository\net\bytebuddy\byte-buddy\1.15.11\byte-buddy-1.15.11.jar;C:\Users\coron\.m2\repository\org\glassfish\jaxb\jaxb-runtime\4.0.5\jaxb-runtime-4.0.5.jar;C:\Users\coron\.m2\repository\org\glassfish\jaxb\jaxb-core\4.0.5\jaxb-core-4.0.5.jar;C:\Users\coron\.m2\repository\org\eclipse\angus\angus-activation\2.0.2\angus-activation-2.0.2.jar;C:\Users\coron\.m2\repository\org\glassfish\jaxb\txw2\4.0.5\txw2-4.0.5.jar;C:\Users\coron\.m2\repository\com\sun\istack\istack-commons-runtime\4.1.2\istack-commons-runtime-4.1.2.jar;C:\Users\coron\.m2\repository\jakarta\inject\jakarta.inject-api\2.0.1\jakarta.inject-api-2.0.1.jar;C:\Users\coron\.m2\repository\org\antlr\antlr4-runtime\4.13.0\antlr4-runtime-4.13.0.jar;C:\Users\coron\.m2\repository\org\springframework\data\spring-data-jpa\3.4.4\spring-data-jpa-3.4.4.jar;C:\Users\coron\.m2\repository\org\springframework\data\spring-data-commons\3.4.4\spring-data-commons-3.4.4.jar;C:\Users\coron\.m2\repository\org\springframework\spring-orm\6.2.5\spring-orm-6.2.5.jar;C:\Users\coron\.m2\repository\org\springframework\spring-context\6.2.5\spring-context-6.2.5.jar;C:\Users\coron\.m2\repository\org\springframework\spring-aop\6.2.5\spring-aop-6.2.5.jar;C:\Users\coron\.m2\repository\org\springframework\spring-tx\6.2.5\spring-tx-6.2.5.jar;C:\Users\coron\.m2\repository\org\springframework\spring-beans\6.2.5\spring-beans-6.2.5.jar;C:\Users\coron\.m2\repository\org\slf4j\slf4j-api\2.0.17\slf4j-api-2.0.17.jar;C:\Users\coron\.m2\repository\org\springframework\spring-aspects\6.2.5\spring-aspects-6.2.5.jar;C:\Users\coron\.m2\repository\org\aspectj\aspectjweaver\1.9.23\aspectjweaver-1.9.23.jar;C:\Users\coron\.m2\repository\org\springframework\boot\spring-boot-starter-web\3.4.4\spring-boot-starter-web-3.4.4.jar;C:\Users\coron\.m2\repository\org\springframework\boot\spring-boot-starter-json\3.4.4\spring-boot-starter-json-3.4.4.jar;C:\Users\coron\.m2\repository\com\fasterxml\jackson\core\jackson-databind\2.18.3\jackson-databind-2.18.3.jar;C:\Users\coron\.m2\repository\com\fasterxml\jackson\core\jackson-annotations\2.18.3\jackson-annotations-2.18.3.jar;C:\Users\coron\.m2\repository\com\fasterxml\jackson\core\jackson-core\2.18.3\jackson-core-2.18.3.jar;C:\Users\coron\.m2\repository\com\fasterxml\jackson\datatype\jackson-datatype-jdk8\2.18.3\jackson-datatype-jdk8-2.18.3.jar;C:\Users\coron\.m2\repository\com\fasterxml\jackson\datatype\jackson-datatype-jsr310\2.18.3\jackson-datatype-jsr310-2.18.3.jar;C:\Users\coron\.m2\repository\com\fasterxml\jackson\module\jackson-module-parameter-names\2.18.3\jackson-module-parameter-names-2.18.3.jar;C:\Users\coron\.m2\repository\org\springframework\boot\spring-boot-starter-tomcat\3.4.4\spring-boot-starter-tomcat-3.4.4.jar;C:\Users\coron\.m2\repository\org\apache\tomcat\embed\tomcat-embed-core\10.1.39\tomcat-embed-core-10.1.39.jar;C:\Users\coron\.m2\repository\org\apache\tomcat\embed\tomcat-embed-el\10.1.39\tomcat-embed-el-10.1.39.jar;C:\Users\coron\.m2\repository\org\apache\tomcat\embed\tomcat-embed-websocket\10.1.39\tomcat-embed-websocket-10.1.39.jar;C:\Users\coron\.m2\repository\org\springframework\spring-web\6.2.5\spring-web-6.2.5.jar;C:\Users\coron\.m2\repository\io\micrometer\micrometer-observation\1.14.5\micrometer-observation-1.14.5.jar;C:\Users\coron\.m2\repository\io\micrometer\micrometer-commons\1.14.5\micrometer-commons-1.14.5.jar;C:\Users\coron\.m2\repository\org\springframework\spring-webmvc\6.2.5\spring-webmvc-6.2.5.jar;C:\Users\coron\.m2\repository\org\springframework\spring-expression\6.2.5\spring-expression-6.2.5.jar;C:\Users\coron\.m2\repository\org\springframework\boot\spring-boot-devtools\3.4.4\spring-boot-devtools-3.4.4.jar;C:\Users\coron\.m2\repository\org\springframework\boot\spring-boot\3.4.4\spring-boot-3.4.4.jar;C:\Users\coron\.m2\repository\org\springframework\boot\spring-boot-autoconfigure\3.4.4\spring-boot-autoconfigure-3.4.4.jar;C:\Users\coron\.m2\repository\com\mysql\mysql-connector-j\9.1.0\mysql-connector-j-9.1.0.jar;C:\Users\coron\.m2\repository\jakarta\xml\bind\jakarta.xml.bind-api\4.0.2\jakarta.xml.bind-api-4.0.2.jar;C:\Users\coron\.m2\repository\jakarta\activation\jakarta.activation-api\2.1.3\jakarta.activation-api-2.1.3.jar;C:\Users\coron\.m2\repository\org\springframework\spring-core\6.2.5\spring-core-6.2.5.jar;C:\Users\coron\.m2\repository\org\springframework\spring-jcl\6.2.5\spring-jcl-6.2.5.jar
Launcher Type: SUN_STANDARD

[Global flags]
     intx CICompilerCount                          = 4                                         {product} {ergonomic}
     uint ConcGCThreads                            = 3                                         {product} {ergonomic}
     uint G1ConcRefinementThreads                  = 10                                        {product} {ergonomic}
   size_t G1HeapRegionSize                         = 2097152                                   {product} {ergonomic}
    uintx GCDrainStackTargetSize                   = 64                                        {product} {ergonomic}
   size_t InitialHeapSize                          = 266338304                                 {product} {ergonomic}
     bool ManagementServer                         = true                                      {product} {command line}
   size_t MarkStackSize                            = 4194304                                   {product} {ergonomic}
   size_t MaxHeapSize                              = 4250927104                                {product} {ergonomic}
   size_t MaxNewSize                               = 2550136832                                {product} {ergonomic}
   size_t MinHeapDeltaBytes                        = 2097152                                   {product} {ergonomic}
   size_t MinHeapSize                              = 8388608                                   {product} {ergonomic}
    uintx NonNMethodCodeHeapSize                   = 5839372                                {pd product} {ergonomic}
    uintx NonProfiledCodeHeapSize                  = 122909434                              {pd product} {ergonomic}
    uintx ProfiledCodeHeapSize                     = 122909434                              {pd product} {ergonomic}
    uintx ReservedCodeCacheSize                    = 251658240                              {pd product} {ergonomic}
     bool SegmentedCodeCache                       = true                                      {product} {ergonomic}
     bool ShowCodeDetailsInExceptionMessages       = true                                   {manageable} {command line}
   size_t SoftMaxHeapSize                          = 4250927104                             {manageable} {ergonomic}
     bool UseCompressedOops                        = true                           {product lp64_product} {ergonomic}
     bool UseG1GC                                  = true                                      {product} {ergonomic}
     bool UseLargePagesIndividualAllocation        = false                                  {pd product} {ergonomic}

Logging:
Log output configuration:
 #0: stdout all=warning uptime,level,tags foldmultilines=false
 #1: stderr all=off uptime,level,tags foldmultilines=false

Environment Variables:
PATH=C:\Python312\Scripts\;C:\Python312\;C:\Program Files\Common Files\Oracle\Java\javapath;c:\huawei\cti;c:\huawei\csp6;C:\Windows\system32;C:\Windows;C:\Windows\System32\Wbem;C:\Windows\System32\WindowsPowerShell\v1.0\;C:\Windows\System32\OpenSSH\;C:\Program Files (x86)\NVIDIA Corporation\PhysX\Common;C:\Program Files\NVIDIA Corporation\NVIDIA NvDLISR;D:\PROGRAMAS\SQL2022\160\Tools\Binn\;C:\Program Files\Microsoft SQL Server\160\Tools\Binn\;C:\Program Files\Microsoft SQL Server\Client SDK\ODBC\170\Tools\Binn\;C:\Program Files\Microsoft SQL Server\160\DTS\Binn\;D:\PROGRAMAS\XAMP\php;C:\ProgramData\ComposerSetup\bin;D:\PROGRAMAS\node\;C:\ProgramData\chocolatey\bin;C:\Program Files\Go\bin;C:\WINDOWS\system32;C:\WINDOWS;C:\WINDOWS\System32\Wbem;C:\WINDOWS\System32\WindowsPowerShell\v1.0\;C:\WINDOWS\System32\OpenSSH\;D:\PROGRAMAS\Git\cmd;C:\Program Files\dotnet\;C:\Program Files\wkhtmltopdf\bin;D:\PROGRAMAS\New Folder\;C:\Program Files\MySQL\MySQL Shell 8.0\bin\;C:\Users\coron\AppData\Local\Microsoft\WindowsApps;C:\Program Files\Azure Data Studio\bin;D:\PROGRAMAS\Microsoft VS Code\bin;C:\Users\coron\AppData\Roaming\Composer\vendor\bin;C:\Users\coron\AppData\Roaming\npm;C:\Users\coron\AppData\Local\spicetify;C:\Users\coron\go\bin;;D:\PROGRAMAS\IntelliJ IDEA Community Edition 2024.3.1.1\bin;D:\PROGRAMAS\DataGrip 2024.3.3\bin;D:\PROGRAMAS\IntelliJ IDEA 2024.3.2\bin;C:\Users\coron\AppData\Local\Microsoft\WindowsApps;C:\Program Files\JetBrains\DataGrip 2024.3.5\bin;;C:\Program Files\JetBrains\IntelliJ IDEA 2025.1\bin;
USERNAME=JCORONEL
LANG=es_ES.UTF-8
OS=Windows_NT
PROCESSOR_IDENTIFIER=Intel64 Family 6 Model 165 Stepping 2, GenuineIntel
TMP=C:\Users\coron\AppData\Local\Temp
TEMP=C:\Users\coron\AppData\Local\Temp




Periodic native trim disabled

---------------  S Y S T E M  ---------------

OS:
 Windows 11 , 64 bit Build 26100 (10.0.26100.3775)
OS uptime: 8 days 14:37 hours
Hyper-V role detected

CPU: total 12 (initial active 12) (6 cores per cpu, 2 threads per core) family 6 model 165 stepping 2 microcode 0xea, cx8, cmov, fxsr, ht, mmx, 3dnowpref, sse, sse2, sse3, ssse3, sse4.1, sse4.2, popcnt, lzcnt, tsc, tscinvbit, avx, avx2, aes, erms, clmul, bmi1, bmi2, adx, fma, vzeroupper, clflush, clflushopt, hv, rdtscp, f16c
Processor Information for the first 12 processors :
  Max Mhz: 2592, Current Mhz: 2592, Mhz Limit: 2592

Memory: 4k page, system-wide physical 16215M (3502M free)
TotalPageFile size 18263M (AvailPageFile size 4M)
current process WorkingSet (physical memory assigned to process): 130M, peak: 131M
current process commit charge ("private bytes"): 387M, peak: 388M

vm_info: OpenJDK 64-Bit Server VM (21.0.6+7-LTS) for windows-amd64 JRE (21.0.6+7-LTS), built on 2025-01-21T00:00:00Z by "admin" with MS VC++ 17.7 (VS2022)

END.
